<?xml version="1.0" encoding="UTF-8"?>
<testng-results skipped="0" failed="0" ignored="0" total="1" passed="1">
  <reporter-output>
  </reporter-output>
  <suite name="selenideTest" duration-ms="7612" started-at="2021-08-28T19:55:39 EEST" finished-at="2021-08-28T19:55:47 EEST">
    <groups>
    </groups>
    <test name="Command line test" duration-ms="7612" started-at="2021-08-28T19:55:39 EEST" finished-at="2021-08-28T19:55:47 EEST">
      <class name="selenideTest">
        <test-method status="PASS" signature="test()[pri:0, instance:selenideTest@6e06451e]" name="test" duration-ms="7583" started-at="2021-08-28T19:55:39 EEST" finished-at="2021-08-28T19:55:47 EEST">
          <reporter-output>
          </reporter-output>
        </test-method> <!-- test -->
      </class> <!-- selenideTest -->
    </test> <!-- Command line test -->
  </suite> <!-- selenideTest -->
</testng-results>
